[[[[2025-08-11 16:57:352025-08-11 16:57:35[] 2025-08-11 16:57:35] Starting apply for plan test_case2025-08-11 16:57:35Starting apply for plan test_rollback2025-08-11 16:57:35
] ] Starting apply for plan test_renamesStarting apply for plan test_atomic


] Starting apply for plan test_symlink
[[[2025-08-11 16:57:352025-08-11 16:57:352025-08-11 16:57:35] ] Options: ApplyOptions { create_backups: true, backup_dir: "/var/folders/vy/qbt9bzqn27s7hp9l00hw3vwm0000gn/T/.tmpVbuhF4/.backups", atomic: true, commit: false, force: false, skip_symlinks: true, log_file: Some(".refaktor/apply.log") }[Options: ApplyOptions { create_backups: true, backup_dir: "/var/folders/vy/qbt9bzqn27s7hp9l00hw3vwm0000gn/T/.tmpKVky1t/.backups", atomic: true, commit: false, force: false, skip_symlinks: true, log_file: Some(".refaktor/apply.log") }[2025-08-11 16:57:35
] ] 2025-08-11 16:57:35Options: ApplyOptions { create_backups: true, backup_dir: "/var/folders/vy/qbt9bzqn27s7hp9l00hw3vwm0000gn/T/.tmpjFQoTq/.backups", atomic: true, commit: false, force: false, skip_symlinks: true, log_file: Some(".refaktor/apply.log") }] Options: ApplyOptions { create_backups: true, backup_dir: "/var/folders/vy/qbt9bzqn27s7hp9l00hw3vwm0000gn/T/.tmpkOkJxi/.backups", atomic: true, commit: false, force: false, skip_symlinks: true, log_file: Some(".refaktor/apply.log") }Options: ApplyOptions { create_backups: true, backup_dir: "/var/folders/vy/qbt9bzqn27s7hp9l00hw3vwm0000gn/T/.tmpXMbDg3/.backups", atomic: true, commit: false, force: false, skip_symlinks: true, log_file: Some(".refaktor/apply.log") }


[[[2025-08-11 16:57:35[] 2025-08-11 16:57:35Creating backups for 2 files

2025-08-11 16:57:352025-08-11 16:57:35] ] Creating backups for 1 files] 
Creating backups for 1 filesCreating backups for 1 files

[2025-08-11 16:57:35] Creating backups for 2 files
[2025-08-11 16:57:35] Failed to backup /var/folders/vy/qbt9bzqn27s7hp9l00hw3vwm0000gn/T/.tmpKVky1t/old_name_dir: Is a directory (os error 21)
[2025-08-11 16:57:35] Backed up /var/folders/vy/qbt9bzqn27s7hp9l00hw3vwm0000gn/T/.tmpVbuhF4/link.txt to /var/folders/vy/qbt9bzqn27s7hp9l00hw3vwm0000gn/T/.tmpVbuhF4/.backups/test_symlink/var/folders/vy/qbt9bzqn27s7hp9l00hw3vwm0000gn/T/.tmpVbuhF4/link.txt
[2025-08-11 16:57:35] Renaming /var/folders/vy/qbt9bzqn27s7hp9l00hw3vwm0000gn/T/.tmpVbuhF4/link.txt -> /var/folders/vy/qbt9bzqn27s7hp9l00hw3vwm0000gn/T/.tmpVbuhF4/new_link.txt
[2025-08-11 16:57:35] [Backed up /var/folders/vy/qbt9bzqn27s7hp9l00hw3vwm0000gn/T/.tmpXMbDg3/file1.rs to /var/folders/vy/qbt9bzqn27s7hp9l00hw3vwm0000gn/T/.tmpXMbDg3/.backups/test_atomic/var/folders/vy/qbt9bzqn27s7hp9l00hw3vwm0000gn/T/.tmpXMbDg3/file1.rs2025-08-11 16:57:35] Backed up /var/folders/vy/qbt9bzqn27s7hp9l00hw3vwm0000gn/T/.tmpkOkJxi/test.rs to /var/folders/vy/qbt9bzqn27s7hp9l00hw3vwm0000gn/T/.tmpkOkJxi/.backups/test_rollback/var/folders/vy/qbt9bzqn27s7hp9l00hw3vwm0000gn/T/.tmpkOkJxi/test.rs

[2025-08-11 16:57:35] Applying 1 edits to /var/folders/vy/qbt9bzqn27s7hp9l00hw3vwm0000gn/T/.tmpkOkJxi/test.rs
[2025-08-11 16:57:35] Backed up /var/folders/vy/qbt9bzqn27s7hp9l00hw3vwm0000gn/T/.tmpjFQoTq/oldname.txt to /var/folders/vy/qbt9bzqn27s7hp9l00hw3vwm0000gn/T/.tmpjFQoTq/.backups/test_case/var/folders/vy/qbt9bzqn27s7hp9l00hw3vwm0000gn/T/.tmpjFQoTq/oldname.txt
[2025-08-11 16:57:35] Renaming /var/folders/vy/qbt9bzqn27s7hp9l00hw3vwm0000gn/T/.tmpjFQoTq/oldname.txt -> /var/folders/vy/qbt9bzqn27s7hp9l00hw3vwm0000gn/T/.tmpjFQoTq/OldName.txt
[2025-08-11 16:57:35] Error applying edits to /var/folders/vy/qbt9bzqn27s7hp9l00hw3vwm0000gn/T/.tmpkOkJxi/test.rs: Content mismatch in /var/folders/vy/qbt9bzqn27s7hp9l00hw3vwm0000gn/T/.tmpkOkJxi/test.rs: expected 'wrong_content', found 'old_name'
[2025-08-11 16:57:35] Starting rollback due to error
[2025-08-11 16:57:35] Rollback completed successfully
[[2025-08-11 16:57:35] Backed up /var/folders/vy/qbt9bzqn27s7hp9l00hw3vwm0000gn/T/.tmpXMbDg3/file2.rs to /var/folders/vy/qbt9bzqn27s7hp9l00hw3vwm0000gn/T/.tmpXMbDg3/.backups/test_atomic/var/folders/vy/qbt9bzqn27s7hp9l00hw3vwm0000gn/T/.tmpXMbDg3/file2.rs
2025-08-11 16:57:35[[] 2025-08-11 16:57:352025-08-11 16:57:35Successfully renamed /var/folders/vy/qbt9bzqn27s7hp9l00hw3vwm0000gn/T/.tmpVbuhF4/link.txt -> /var/folders/vy/qbt9bzqn27s7hp9l00hw3vwm0000gn/T/.tmpVbuhF4/new_link.txt] 
Case-only rename detected, using temp: /var/folders/vy/qbt9bzqn27s7hp9l00hw3vwm0000gn/T/.tmpjFQoTq/oldname.14383.refaktor.tmp] [Applying 1 edits to /var/folders/vy/qbt9bzqn27s7hp9l00hw3vwm0000gn/T/.tmpXMbDg3/file1.rs2025-08-11 16:57:35
] Apply completed successfully

[2025-08-11 16:57:35] Successfully renamed /var/folders/vy/qbt9bzqn27s7hp9l00hw3vwm0000gn/T/.tmpjFQoTq/oldname.txt -> /var/folders/vy/qbt9bzqn27s7hp9l00hw3vwm0000gn/T/.tmpjFQoTq/OldName.txt
[2025-08-11 16:57:35] Apply completed successfully
[2025-08-11 16:57:35] Successfully applied edits to /var/folders/vy/qbt9bzqn27s7hp9l00hw3vwm0000gn/T/.tmpXMbDg3/file1.rs
[2025-08-11 16:57:35] Applying 1 edits to /var/folders/vy/qbt9bzqn27s7hp9l00hw3vwm0000gn/T/.tmpXMbDg3/file2.rs
[2025-08-11 16:57:35] Error applying edits to /var/folders/vy/qbt9bzqn27s7hp9l00hw3vwm0000gn/T/.tmpXMbDg3/file2.rs: Content mismatch in /var/folders/vy/qbt9bzqn27s7hp9l00hw3vwm0000gn/T/.tmpXMbDg3/file2.rs: expected 'wrong_name', found 'old_name'
[2025-08-11 16:57:35] Starting rollback due to error
[2025-08-11 16:57:35] Restoring /var/folders/vy/qbt9bzqn27s7hp9l00hw3vwm0000gn/T/.tmpXMbDg3/file1.rs from backup
[2025-08-11 16:57:35] Rollback completed successfully
[[[[2025-08-11 16:58:48[2025-08-11 16:58:48] 2025-08-11 16:58:48] 2025-08-11 16:58:482025-08-11 16:58:48Starting apply for plan test_rollback] ] ] Starting apply for plan test_caseStarting apply for plan test_renamesStarting apply for plan test_symlinkStarting apply for plan test_atomic



[[
[2025-08-11 16:58:48[] [Options: ApplyOptions { create_backups: true, backup_dir: "/var/folders/vy/qbt9bzqn27s7hp9l00hw3vwm0000gn/T/.tmpFWuJMn/.backups", atomic: true, commit: false, force: false, skip_symlinks: true, log_file: Some(".refaktor/apply.log") }2025-08-11 16:58:482025-08-11 16:58:48
] [2025-08-11 16:58:482025-08-11 16:58:48Options: ApplyOptions { create_backups: true, backup_dir: "/var/folders/vy/qbt9bzqn27s7hp9l00hw3vwm0000gn/T/.tmpVi7qfA/.backups", atomic: true, commit: false, force: false, skip_symlinks: true, log_file: Some(".refaktor/apply.log") }] 
] Options: ApplyOptions { create_backups: true, backup_dir: "/var/folders/vy/qbt9bzqn27s7hp9l00hw3vwm0000gn/T/.tmpzipzLe/.backups", atomic: true, commit: false, force: false, skip_symlinks: true, log_file: Some(".refaktor/apply.log") }2025-08-11 16:58:48
Options: ApplyOptions { create_backups: true, backup_dir: "/var/folders/vy/qbt9bzqn27s7hp9l00hw3vwm0000gn/T/.tmpqrq4Eu/.backups", atomic: true, commit: false, force: false, skip_symlinks: true, log_file: Some(".refaktor/apply.log") }] 
] Options: ApplyOptions { create_backups: true, backup_dir: "/var/folders/vy/qbt9bzqn27s7hp9l00hw3vwm0000gn/T/.tmpFBHhGH/.backups", atomic: true, commit: false, force: false, skip_symlinks: true, log_file: Some(".refaktor/apply.log") }[[[2025-08-11 16:58:48
2025-08-11 16:58:48[Creating backups for 2 files2025-08-11 16:58:48
] ] Creating backups for 1 filesCreating backups for 2 files] 
Creating backups for 1 files2025-08-11 16:58:48

] Creating backups for 1 files
[2025-08-11 16:58:48] Backed up /var/folders/vy/qbt9bzqn27s7hp9l00hw3vwm0000gn/T/.tmpzipzLe/old_name_dir to /var/folders/vy/qbt9bzqn27s7hp9l00hw3vwm0000gn/T/.tmpzipzLe/.backups/test_renames/var/folders/vy/qbt9bzqn27s7hp9l00hw3vwm0000gn/T/.tmpzipzLe/old_name_dir
[[[2025-08-11 16:58:482025-08-11 16:58:48] Backed up /var/folders/vy/qbt9bzqn27s7hp9l00hw3vwm0000gn/T/.tmpzipzLe/old_name.txt to /var/folders/vy/qbt9bzqn27s7hp9l00hw3vwm0000gn/T/.tmpzipzLe/.backups/test_renames/var/folders/vy/qbt9bzqn27s7hp9l00hw3vwm0000gn/T/.tmpzipzLe/old_name.txt[2025-08-11 16:58:48
] [] Backed up /var/folders/vy/qbt9bzqn27s7hp9l00hw3vwm0000gn/T/.tmpqrq4Eu/oldname.txt to /var/folders/vy/qbt9bzqn27s7hp9l00hw3vwm0000gn/T/.tmpqrq4Eu/.backups/test_case/var/folders/vy/qbt9bzqn27s7hp9l00hw3vwm0000gn/T/.tmpqrq4Eu/oldname.txtBacked up /var/folders/vy/qbt9bzqn27s7hp9l00hw3vwm0000gn/T/.tmpFBHhGH/link.txt to /var/folders/vy/qbt9bzqn27s7hp9l00hw3vwm0000gn/T/.tmpFBHhGH/.backups/test_symlink/var/folders/vy/qbt9bzqn27s7hp9l00hw3vwm0000gn/T/.tmpFBHhGH/link.txt2025-08-11 16:58:48

] [[2025-08-11 16:58:48[Backed up /var/folders/vy/qbt9bzqn27s7hp9l00hw3vwm0000gn/T/.tmpFWuJMn/file2.rs to /var/folders/vy/qbt9bzqn27s7hp9l00hw3vwm0000gn/T/.tmpFWuJMn/.backups/test_atomic/var/folders/vy/qbt9bzqn27s7hp9l00hw3vwm0000gn/T/.tmpFWuJMn/file2.rs2025-08-11 16:58:482025-08-11 16:58:48] ] 2025-08-11 16:58:48Backed up /var/folders/vy/qbt9bzqn27s7hp9l00hw3vwm0000gn/T/.tmpVi7qfA/test.rs to /var/folders/vy/qbt9bzqn27s7hp9l00hw3vwm0000gn/T/.tmpVi7qfA/.backups/test_rollback/var/folders/vy/qbt9bzqn27s7hp9l00hw3vwm0000gn/T/.tmpVi7qfA/test.rs

] Renaming /var/folders/vy/qbt9bzqn27s7hp9l00hw3vwm0000gn/T/.tmpqrq4Eu/oldname.txt -> /var/folders/vy/qbt9bzqn27s7hp9l00hw3vwm0000gn/T/.tmpqrq4Eu/OldName.txtRenaming /var/folders/vy/qbt9bzqn27s7hp9l00hw3vwm0000gn/T/.tmpFBHhGH/link.txt -> /var/folders/vy/qbt9bzqn27s7hp9l00hw3vwm0000gn/T/.tmpFBHhGH/new_link.txt[

2025-08-11 16:58:48] ] Renaming /var/folders/vy/qbt9bzqn27s7hp9l00hw3vwm0000gn/T/.tmpzipzLe/old_name.txt -> /var/folders/vy/qbt9bzqn27s7hp9l00hw3vwm0000gn/T/.tmpzipzLe/new_name.txt
Applying 1 edits to /var/folders/vy/qbt9bzqn27s7hp9l00hw3vwm0000gn/T/.tmpVi7qfA/test.rs
[2025-08-11 16:58:48] Error applying edits to /var/folders/vy/qbt9bzqn27s7hp9l00hw3vwm0000gn/T/.tmpVi7qfA/test.rs: Content mismatch in /var/folders/vy/qbt9bzqn27s7hp9l00hw3vwm0000gn/T/.tmpVi7qfA/test.rs: expected 'wrong_content', found 'old_name'
[2025-08-11 16:58:48[] [Starting rollback due to error
2025-08-11 16:58:482025-08-11 16:58:48] [Backed up /var/folders/vy/qbt9bzqn27s7hp9l00hw3vwm0000gn/T/.tmpFWuJMn/file1.rs to /var/folders/vy/qbt9bzqn27s7hp9l00hw3vwm0000gn/T/.tmpFWuJMn/.backups/test_atomic/var/folders/vy/qbt9bzqn27s7hp9l00hw3vwm0000gn/T/.tmpFWuJMn/file1.rs] 
Case-only rename detected, using temp: /var/folders/vy/qbt9bzqn27s7hp9l00hw3vwm0000gn/T/.tmpqrq4Eu/oldname.15464.refaktor.tmp
2025-08-11 16:58:48[] 2025-08-11 16:58:48] Rollback completed successfullyApplying 1 edits to /var/folders/vy/qbt9bzqn27s7hp9l00hw3vwm0000gn/T/.tmpFWuJMn/file1.rs

[2025-08-11 16:58:48] Successfully renamed /var/folders/vy/qbt9bzqn27s7hp9l00hw3vwm0000gn/T/.tmpFBHhGH/link.txt -> /var/folders/vy/qbt9bzqn27s7hp9l00hw3vwm0000gn/T/.tmpFBHhGH/new_link.txt
[2025-08-11 16:58:48] Apply completed successfully
[2025-08-11 16:58:48] Successfully renamed /var/folders/vy/qbt9bzqn27s7hp9l00hw3vwm0000gn/T/.tmpzipzLe/old_name.txt -> /var/folders/vy/qbt9bzqn27s7hp9l00hw3vwm0000gn/T/.tmpzipzLe/new_name.txt
[2025-08-11 16:58:48] Renaming /var/folders/vy/qbt9bzqn27s7hp9l00hw3vwm0000gn/T/.tmpzipzLe/old_name_dir -> /var/folders/vy/qbt9bzqn27s7hp9l00hw3vwm0000gn/T/.tmpzipzLe/new_name_dir
[2025-08-11 16:58:48] Successfully renamed /var/folders/vy/qbt9bzqn27s7hp9l00hw3vwm0000gn/T/.tmpzipzLe/old_name_dir -> /var/folders/vy/qbt9bzqn27s7hp9l00hw3vwm0000gn/T/.tmpzipzLe/new_name_dir
[2025-08-11 16:58:48] Apply completed successfully
[2025-08-11 16:58:48] Successfully renamed /var/folders/vy/qbt9bzqn27s7hp9l00hw3vwm0000gn/T/.tmpqrq4Eu/oldname.txt -> /var/folders/vy/qbt9bzqn27s7hp9l00hw3vwm0000gn/T/.tmpqrq4Eu/OldName.txt
[2025-08-11 16:58:48] Apply completed successfully
[2025-08-11 16:58:48] Successfully applied edits to /var/folders/vy/qbt9bzqn27s7hp9l00hw3vwm0000gn/T/.tmpFWuJMn/file1.rs
[2025-08-11 16:58:48] Applying 1 edits to /var/folders/vy/qbt9bzqn27s7hp9l00hw3vwm0000gn/T/.tmpFWuJMn/file2.rs
[2025-08-11 16:58:48] Error applying edits to /var/folders/vy/qbt9bzqn27s7hp9l00hw3vwm0000gn/T/.tmpFWuJMn/file2.rs: Content mismatch in /var/folders/vy/qbt9bzqn27s7hp9l00hw3vwm0000gn/T/.tmpFWuJMn/file2.rs: expected 'wrong_name', found 'old_name'
[2025-08-11 16:58:48] Starting rollback due to error
[2025-08-11 16:58:48] Restoring /var/folders/vy/qbt9bzqn27s7hp9l00hw3vwm0000gn/T/.tmpFWuJMn/file1.rs from backup
[2025-08-11 16:58:48] Rollback completed successfully
[[2025-08-11 17:00:28[2025-08-11 17:00:28] ] [Starting apply for plan test_symlinkStarting apply for plan test_atomic2025-08-11 17:00:282025-08-11 17:00:28
] 
Starting apply for plan test_rollback[[
2025-08-11 17:00:282025-08-11 17:00:28[] [2025-08-11 17:00:28Starting apply for plan test_case2025-08-11 17:00:28
] ] Options: ApplyOptions { create_backups: true, backup_dir: "/var/folders/vy/qbt9bzqn27s7hp9l00hw3vwm0000gn/T/.tmpezqLLe/.backups", atomic: true, commit: false, force: false, skip_symlinks: true, log_file: Some(".refaktor/apply.log") }] ] Options: ApplyOptions { create_backups: true, backup_dir: "/var/folders/vy/qbt9bzqn27s7hp9l00hw3vwm0000gn/T/.tmp6PmO7b/.backups", atomic: true, commit: false, force: false, skip_symlinks: true, log_file: Some(".refaktor/apply.log") }Starting apply for plan test_renames[

Options: ApplyOptions { create_backups: true, backup_dir: "/var/folders/vy/qbt9bzqn27s7hp9l00hw3vwm0000gn/T/.tmpboKzx4/.backups", atomic: true, commit: false, force: false, skip_symlinks: true, log_file: Some(".refaktor/apply.log") }[

2025-08-11 17:00:28[] [2025-08-11 17:00:28Options: ApplyOptions { create_backups: true, backup_dir: "/var/folders/vy/qbt9bzqn27s7hp9l00hw3vwm0000gn/T/.tmpcSVEYk/.backups", atomic: true, commit: false, force: false, skip_symlinks: true, log_file: Some(".refaktor/apply.log") }] 2025-08-11 17:00:28Options: ApplyOptions { create_backups: true, backup_dir: "/var/folders/vy/qbt9bzqn27s7hp9l00hw3vwm0000gn/T/.tmp6DpUgf/.backups", atomic: true, commit: false, force: false, skip_symlinks: true, log_file: Some(".refaktor/apply.log") }] Creating backups for 1 files

[2025-08-11 17:00:28
] 2025-08-11 17:00:28Creating backups for 2 files] 
Creating backups for 1 files[
[2025-08-11 17:00:282025-08-11 17:00:28] ] Creating backups for 2 filesCreating backups for 1 files

[2025-08-11 17:00:28] Backed up /var/folders/vy/qbt9bzqn27s7hp9l00hw3vwm0000gn/T/.tmpcSVEYk/oldname.txt to /var/folders/vy/qbt9bzqn27s7hp9l00hw3vwm0000gn/T/.tmpcSVEYk/.backups/test_case/var/folders/vy/qbt9bzqn27s7hp9l00hw3vwm0000gn/T/.tmpcSVEYk/oldname.txt
[2025-08-11 17:00:28] Renaming /var/folders/vy/qbt9bzqn27s7hp9l00hw3vwm0000gn/T/.tmpcSVEYk/oldname.txt -> /var/folders/vy/qbt9bzqn27s7hp9l00hw3vwm0000gn/T/.tmpcSVEYk/OldName.txt
[2025-08-11 17:00:28] Case-only rename detected, using temp: /var/folders/vy/qbt9bzqn27s7hp9l00hw3vwm0000gn/T/.tmpcSVEYk/oldname.17783.refaktor.tmp
[2025-08-11 17:00:28] Backed up /var/folders/vy/qbt9bzqn27s7hp9l00hw3vwm0000gn/T/.tmp6PmO7b/file2.rs to /var/folders/vy/qbt9bzqn27s7hp9l00hw3vwm0000gn/T/.tmp6PmO7b/.backups/test_atomic/var/folders/vy/qbt9bzqn27s7hp9l00hw3vwm0000gn/T/.tmp6PmO7b/file2.rs
[[[[2025-08-11 17:00:282025-08-11 17:00:282025-08-11 17:00:282025-08-11 17:00:28] ] ] Backed up /var/folders/vy/qbt9bzqn27s7hp9l00hw3vwm0000gn/T/.tmpezqLLe/test.rs to /var/folders/vy/qbt9bzqn27s7hp9l00hw3vwm0000gn/T/.tmpezqLLe/.backups/test_rollback/var/folders/vy/qbt9bzqn27s7hp9l00hw3vwm0000gn/T/.tmpezqLLe/test.rsBacked up /var/folders/vy/qbt9bzqn27s7hp9l00hw3vwm0000gn/T/.tmp6DpUgf/old_name.txt to /var/folders/vy/qbt9bzqn27s7hp9l00hw3vwm0000gn/T/.tmp6DpUgf/.backups/test_renames/var/folders/vy/qbt9bzqn27s7hp9l00hw3vwm0000gn/T/.tmp6DpUgf/old_name.txt
Backed up /var/folders/vy/qbt9bzqn27s7hp9l00hw3vwm0000gn/T/.tmpboKzx4/link.txt to /var/folders/vy/qbt9bzqn27s7hp9l00hw3vwm0000gn/T/.tmpboKzx4/.backups/test_symlink/var/folders/vy/qbt9bzqn27s7hp9l00hw3vwm0000gn/T/.tmpboKzx4/link.txt

] [Successfully renamed /var/folders/vy/qbt9bzqn27s7hp9l00hw3vwm0000gn/T/.tmpcSVEYk/oldname.txt -> /var/folders/vy/qbt9bzqn27s7hp9l00hw3vwm0000gn/T/.tmpcSVEYk/OldName.txt[
2025-08-11 17:00:282025-08-11 17:00:28[] ] [Applying 1 edits to /var/folders/vy/qbt9bzqn27s7hp9l00hw3vwm0000gn/T/.tmpezqLLe/test.rs2025-08-11 17:00:28] Renaming /var/folders/vy/qbt9bzqn27s7hp9l00hw3vwm0000gn/T/.tmpboKzx4/link.txt -> /var/folders/vy/qbt9bzqn27s7hp9l00hw3vwm0000gn/T/.tmpboKzx4/new_link.txt2025-08-11 17:00:28

[Apply completed successfully] 
Backed up /var/folders/vy/qbt9bzqn27s7hp9l00hw3vwm0000gn/T/.tmp6PmO7b/file1.rs to /var/folders/vy/qbt9bzqn27s7hp9l00hw3vwm0000gn/T/.tmp6PmO7b/.backups/test_atomic/var/folders/vy/qbt9bzqn27s7hp9l00hw3vwm0000gn/T/.tmp6PmO7b/file1.rs2025-08-11 17:00:28] 
[Backed up /var/folders/vy/qbt9bzqn27s7hp9l00hw3vwm0000gn/T/.tmp6DpUgf/old_name_dir to /var/folders/vy/qbt9bzqn27s7hp9l00hw3vwm0000gn/T/.tmp6DpUgf/.backups/test_renames/var/folders/vy/qbt9bzqn27s7hp9l00hw3vwm0000gn/T/.tmp6DpUgf/old_name_dir[
2025-08-11 17:00:282025-08-11 17:00:28[] [Applying 1 edits to /var/folders/vy/qbt9bzqn27s7hp9l00hw3vwm0000gn/T/.tmp6PmO7b/file1.rs2025-08-11 17:00:282025-08-11 17:00:28
] ] Error applying edits to /var/folders/vy/qbt9bzqn27s7hp9l00hw3vwm0000gn/T/.tmpezqLLe/test.rs: Content mismatch in /var/folders/vy/qbt9bzqn27s7hp9l00hw3vwm0000gn/T/.tmpezqLLe/test.rs: expected 'wrong_content', found 'old_name'Successfully renamed /var/folders/vy/qbt9bzqn27s7hp9l00hw3vwm0000gn/T/.tmpboKzx4/link.txt -> /var/folders/vy/qbt9bzqn27s7hp9l00hw3vwm0000gn/T/.tmpboKzx4/new_link.txt] 

[Renaming /var/folders/vy/qbt9bzqn27s7hp9l00hw3vwm0000gn/T/.tmp6DpUgf/old_name.txt -> /var/folders/vy/qbt9bzqn27s7hp9l00hw3vwm0000gn/T/.tmp6DpUgf/new_name.txt[2025-08-11 17:00:28
] 2025-08-11 17:00:28Apply completed successfully] 
Starting rollback due to error
[2025-08-11 17:00:28] Rollback completed successfully
[2025-08-11 17:00:28] Successfully renamed /var/folders/vy/qbt9bzqn27s7hp9l00hw3vwm0000gn/T/.tmp6DpUgf/old_name.txt -> /var/folders/vy/qbt9bzqn27s7hp9l00hw3vwm0000gn/T/.tmp6DpUgf/new_name.txt
[2025-08-11 17:00:28] Renaming /var/folders/vy/qbt9bzqn27s7hp9l00hw3vwm0000gn/T/.tmp6DpUgf/old_name_dir -> /var/folders/vy/qbt9bzqn27s7hp9l00hw3vwm0000gn/T/.tmp6DpUgf/new_name_dir
[2025-08-11 17:00:28] Successfully renamed /var/folders/vy/qbt9bzqn27s7hp9l00hw3vwm0000gn/T/.tmp6DpUgf/old_name_dir -> /var/folders/vy/qbt9bzqn27s7hp9l00hw3vwm0000gn/T/.tmp6DpUgf/new_name_dir
[2025-08-11 17:00:28] Apply completed successfully
[2025-08-11 17:00:28] Successfully applied edits to /var/folders/vy/qbt9bzqn27s7hp9l00hw3vwm0000gn/T/.tmp6PmO7b/file1.rs
[2025-08-11 17:00:28] Applying 1 edits to /var/folders/vy/qbt9bzqn27s7hp9l00hw3vwm0000gn/T/.tmp6PmO7b/file2.rs
[2025-08-11 17:00:28] Error applying edits to /var/folders/vy/qbt9bzqn27s7hp9l00hw3vwm0000gn/T/.tmp6PmO7b/file2.rs: Content mismatch in /var/folders/vy/qbt9bzqn27s7hp9l00hw3vwm0000gn/T/.tmp6PmO7b/file2.rs: expected 'wrong_name', found 'old_name'
[2025-08-11 17:00:28] Starting rollback due to error
[2025-08-11 17:00:28] Restoring /var/folders/vy/qbt9bzqn27s7hp9l00hw3vwm0000gn/T/.tmp6PmO7b/file1.rs from backup
[2025-08-11 17:00:28] Rollback completed successfully
